
*** Running vivado
    with args -log mega_adder.vds -m64 -product Vivado -mode batch -messageDb vivado.pb -notrace -source mega_adder.tcl


****** Vivado v2020.1 (64-bit)
  **** SW Build 2902540 on Wed May 27 19:54:35 MDT 2020
  **** IP Build 2902112 on Wed May 27 22:43:36 MDT 2020
    ** Copyright 1986-2020 Xilinx, Inc. All Rights Reserved.

source mega_adder.tcl -notrace
Command: synth_design -top mega_adder -part xc7z020clg484-1
Starting synth_design
Attempting to get a license for feature 'Synthesis' and/or device 'xc7z020'
INFO: [Common 17-349] Got license for feature 'Synthesis' and/or device 'xc7z020'
INFO: [Device 21-403] Loading part xc7z020clg484-1
INFO: [Synth 8-7079] Multithreading enabled for synth_design using a maximum of 4 processes.
INFO: [Synth 8-7078] Launching helper process for spawning children vivado processes
INFO: [Synth 8-7075] Helper process launched with PID 24858
---------------------------------------------------------------------------------
Starting RTL Elaboration : Time (s): cpu = 00:00:04 ; elapsed = 00:00:05 . Memory (MB): peak = 2100.953 ; gain = 0.000 ; free physical = 112 ; free virtual = 3316
---------------------------------------------------------------------------------
INFO: [Synth 8-638] synthesizing module 'mega_adder' [/home/giorgi/Desktop/DDS I/vivado_assignment_5/assignment_5/assignment_5.srcs/sources_1/new/mega_adder.vhd:75]
INFO: [Synth 8-638] synthesizing module 'adder_datapath' [/home/giorgi/Desktop/DDS I/vivado_assignment_5/assignment_5/assignment_5.srcs/sources_1/new/adder_datapath.vhd:40]
INFO: [Synth 8-256] done synthesizing module 'adder_datapath' (1#1) [/home/giorgi/Desktop/DDS I/vivado_assignment_5/assignment_5/assignment_5.srcs/sources_1/new/adder_datapath.vhd:40]
INFO: [Synth 8-638] synthesizing module 'adder_controller' [/home/giorgi/Desktop/DDS I/vivado_assignment_5/assignment_5/assignment_5.srcs/sources_1/new/adder_controller.vhd:35]
INFO: [Synth 8-256] done synthesizing module 'adder_controller' (2#1) [/home/giorgi/Desktop/DDS I/vivado_assignment_5/assignment_5/assignment_5.srcs/sources_1/new/adder_controller.vhd:35]
INFO: [Synth 8-256] done synthesizing module 'mega_adder' (3#1) [/home/giorgi/Desktop/DDS I/vivado_assignment_5/assignment_5/assignment_5.srcs/sources_1/new/mega_adder.vhd:75]
---------------------------------------------------------------------------------
Finished RTL Elaboration : Time (s): cpu = 00:00:05 ; elapsed = 00:00:10 . Memory (MB): peak = 2100.953 ; gain = 0.000 ; free physical = 128 ; free virtual = 2856
---------------------------------------------------------------------------------
---------------------------------------------------------------------------------
Start Handling Custom Attributes
---------------------------------------------------------------------------------
---------------------------------------------------------------------------------
Finished Handling Custom Attributes : Time (s): cpu = 00:00:06 ; elapsed = 00:00:12 . Memory (MB): peak = 2100.953 ; gain = 0.000 ; free physical = 724 ; free virtual = 3477
---------------------------------------------------------------------------------
---------------------------------------------------------------------------------
Finished RTL Optimization Phase 1 : Time (s): cpu = 00:00:06 ; elapsed = 00:00:12 . Memory (MB): peak = 2100.953 ; gain = 0.000 ; free physical = 724 ; free virtual = 3477
---------------------------------------------------------------------------------
Netlist sorting complete. Time (s): cpu = 00:00:00.01 ; elapsed = 00:00:00.07 . Memory (MB): peak = 2100.953 ; gain = 0.000 ; free physical = 708 ; free virtual = 3477
INFO: [Project 1-570] Preparing netlist for logic optimization

Processing XDC Constraints
Initializing timing engine
Parsing XDC File [/home/giorgi/Desktop/DDS I/vivado_assignment_5/assignment_5/assignment_5.srcs/constrs_1/new/mega_adder_constraints.xdc]
Finished Parsing XDC File [/home/giorgi/Desktop/DDS I/vivado_assignment_5/assignment_5/assignment_5.srcs/constrs_1/new/mega_adder_constraints.xdc]
Completed Processing XDC Constraints

Netlist sorting complete. Time (s): cpu = 00:00:00 ; elapsed = 00:00:00 . Memory (MB): peak = 2225.707 ; gain = 0.000 ; free physical = 558 ; free virtual = 3390
INFO: [Project 1-111] Unisim Transformation Summary:
No Unisim elements were transformed.

Constraint Validation Runtime : Time (s): cpu = 00:00:00.02 ; elapsed = 00:00:00.22 . Memory (MB): peak = 2225.707 ; gain = 0.000 ; free physical = 556 ; free virtual = 3390
---------------------------------------------------------------------------------
Finished Constraint Validation : Time (s): cpu = 00:00:12 ; elapsed = 00:00:25 . Memory (MB): peak = 2225.707 ; gain = 124.754 ; free physical = 591 ; free virtual = 3451
---------------------------------------------------------------------------------
---------------------------------------------------------------------------------
Start Loading Part and Timing Information
---------------------------------------------------------------------------------
Loading part: xc7z020clg484-1
---------------------------------------------------------------------------------
Finished Loading Part and Timing Information : Time (s): cpu = 00:00:12 ; elapsed = 00:00:26 . Memory (MB): peak = 2225.707 ; gain = 124.754 ; free physical = 591 ; free virtual = 3451
---------------------------------------------------------------------------------
---------------------------------------------------------------------------------
Start Applying 'set_property' XDC Constraints
---------------------------------------------------------------------------------
---------------------------------------------------------------------------------
Finished applying 'set_property' XDC Constraints : Time (s): cpu = 00:00:12 ; elapsed = 00:00:26 . Memory (MB): peak = 2225.707 ; gain = 124.754 ; free physical = 594 ; free virtual = 3453
---------------------------------------------------------------------------------
---------------------------------------------------------------------------------
Finished RTL Optimization Phase 2 : Time (s): cpu = 00:00:12 ; elapsed = 00:00:26 . Memory (MB): peak = 2225.707 ; gain = 124.754 ; free physical = 584 ; free virtual = 3444
---------------------------------------------------------------------------------
---------------------------------------------------------------------------------
Start RTL Component Statistics 
---------------------------------------------------------------------------------
Detailed RTL Component Info : 
+---Adders : 
	   2 Input    3 Bit       Adders := 1     
	   2 Input    2 Bit       Adders := 1     
+---Registers : 
	              128 Bit    Registers := 3     
	                3 Bit    Registers := 1     
	                2 Bit    Registers := 1     
	                1 Bit    Registers := 2     
+---Muxes : 
	   2 Input    1 Bit        Muxes := 2     
---------------------------------------------------------------------------------
Finished RTL Component Statistics 
---------------------------------------------------------------------------------
---------------------------------------------------------------------------------
Start Part Resource Summary
---------------------------------------------------------------------------------
Part Resources:
DSPs: 220 (col length:60)
BRAMs: 280 (col length: RAMB18 60 RAMB36 30)
---------------------------------------------------------------------------------
Finished Part Resource Summary
---------------------------------------------------------------------------------
---------------------------------------------------------------------------------
Start Cross Boundary and Area Optimization
---------------------------------------------------------------------------------
---------------------------------------------------------------------------------
Finished Cross Boundary and Area Optimization : Time (s): cpu = 00:00:13 ; elapsed = 00:00:27 . Memory (MB): peak = 2225.707 ; gain = 124.754 ; free physical = 569 ; free virtual = 3434
---------------------------------------------------------------------------------
---------------------------------------------------------------------------------
Start Applying XDC Timing Constraints
---------------------------------------------------------------------------------
---------------------------------------------------------------------------------
Finished Applying XDC Timing Constraints : Time (s): cpu = 00:00:19 ; elapsed = 00:00:34 . Memory (MB): peak = 2225.707 ; gain = 124.754 ; free physical = 423 ; free virtual = 3307
---------------------------------------------------------------------------------
---------------------------------------------------------------------------------
Start Timing Optimization
---------------------------------------------------------------------------------
---------------------------------------------------------------------------------
Finished Timing Optimization : Time (s): cpu = 00:00:19 ; elapsed = 00:00:35 . Memory (MB): peak = 2225.707 ; gain = 124.754 ; free physical = 421 ; free virtual = 3306
---------------------------------------------------------------------------------
---------------------------------------------------------------------------------
Start Technology Mapping
---------------------------------------------------------------------------------
---------------------------------------------------------------------------------
Finished Technology Mapping : Time (s): cpu = 00:00:20 ; elapsed = 00:00:35 . Memory (MB): peak = 2225.707 ; gain = 124.754 ; free physical = 424 ; free virtual = 3308
---------------------------------------------------------------------------------
---------------------------------------------------------------------------------
Start IO Insertion
---------------------------------------------------------------------------------
---------------------------------------------------------------------------------
Start Flattening Before IO Insertion
---------------------------------------------------------------------------------
---------------------------------------------------------------------------------
Finished Flattening Before IO Insertion
---------------------------------------------------------------------------------
---------------------------------------------------------------------------------
Start Final Netlist Cleanup
---------------------------------------------------------------------------------
---------------------------------------------------------------------------------
Finished Final Netlist Cleanup
---------------------------------------------------------------------------------
---------------------------------------------------------------------------------
Finished IO Insertion : Time (s): cpu = 00:00:23 ; elapsed = 00:00:38 . Memory (MB): peak = 2225.707 ; gain = 124.754 ; free physical = 418 ; free virtual = 3302
---------------------------------------------------------------------------------
---------------------------------------------------------------------------------
Start Renaming Generated Instances
---------------------------------------------------------------------------------
---------------------------------------------------------------------------------
Finished Renaming Generated Instances : Time (s): cpu = 00:00:23 ; elapsed = 00:00:38 . Memory (MB): peak = 2225.707 ; gain = 124.754 ; free physical = 418 ; free virtual = 3302
---------------------------------------------------------------------------------
---------------------------------------------------------------------------------
Start Rebuilding User Hierarchy
---------------------------------------------------------------------------------
---------------------------------------------------------------------------------
Finished Rebuilding User Hierarchy : Time (s): cpu = 00:00:23 ; elapsed = 00:00:38 . Memory (MB): peak = 2225.707 ; gain = 124.754 ; free physical = 418 ; free virtual = 3302
---------------------------------------------------------------------------------
---------------------------------------------------------------------------------
Start Renaming Generated Ports
---------------------------------------------------------------------------------
---------------------------------------------------------------------------------
Finished Renaming Generated Ports : Time (s): cpu = 00:00:23 ; elapsed = 00:00:38 . Memory (MB): peak = 2225.707 ; gain = 124.754 ; free physical = 418 ; free virtual = 3302
---------------------------------------------------------------------------------
---------------------------------------------------------------------------------
Start Handling Custom Attributes
---------------------------------------------------------------------------------
---------------------------------------------------------------------------------
Finished Handling Custom Attributes : Time (s): cpu = 00:00:23 ; elapsed = 00:00:38 . Memory (MB): peak = 2225.707 ; gain = 124.754 ; free physical = 418 ; free virtual = 3302
---------------------------------------------------------------------------------
---------------------------------------------------------------------------------
Start Renaming Generated Nets
---------------------------------------------------------------------------------
---------------------------------------------------------------------------------
Finished Renaming Generated Nets : Time (s): cpu = 00:00:23 ; elapsed = 00:00:38 . Memory (MB): peak = 2225.707 ; gain = 124.754 ; free physical = 418 ; free virtual = 3302
---------------------------------------------------------------------------------
---------------------------------------------------------------------------------
Start Writing Synthesis Report
---------------------------------------------------------------------------------

Report BlackBoxes: 
+-+--------------+----------+
| |BlackBox name |Instances |
+-+--------------+----------+
+-+--------------+----------+

Report Cell Usage: 
+------+-------+------+
|      |Cell   |Count |
+------+-------+------+
|1     |BUFG   |     1|
|2     |CARRY4 |    32|
|3     |LUT1   |     2|
|4     |LUT2   |   129|
|5     |LUT3   |    36|
|6     |LUT4   |    97|
|7     |LUT5   |     2|
|8     |FDCE   |   391|
|9     |IBUF   |    36|
|10    |OBUF   |    34|
+------+-------+------+
---------------------------------------------------------------------------------
Finished Writing Synthesis Report : Time (s): cpu = 00:00:23 ; elapsed = 00:00:38 . Memory (MB): peak = 2225.707 ; gain = 124.754 ; free physical = 418 ; free virtual = 3302
---------------------------------------------------------------------------------
Synthesis finished with 0 errors, 0 critical warnings and 0 warnings.
Synthesis Optimization Runtime : Time (s): cpu = 00:00:21 ; elapsed = 00:00:30 . Memory (MB): peak = 2225.707 ; gain = 0.000 ; free physical = 474 ; free virtual = 3359
Synthesis Optimization Complete : Time (s): cpu = 00:00:23 ; elapsed = 00:00:38 . Memory (MB): peak = 2225.707 ; gain = 124.754 ; free physical = 474 ; free virtual = 3359
INFO: [Project 1-571] Translating synthesized netlist
Netlist sorting complete. Time (s): cpu = 00:00:00 ; elapsed = 00:00:00 . Memory (MB): peak = 2225.707 ; gain = 0.000 ; free physical = 465 ; free virtual = 3352
INFO: [Netlist 29-17] Analyzing 32 Unisim elements for replacement
INFO: [Netlist 29-28] Unisim Transformation completed in 0 CPU seconds
INFO: [Project 1-570] Preparing netlist for logic optimization
INFO: [Opt 31-138] Pushed 0 inverter(s) to 0 load pin(s).
Netlist sorting complete. Time (s): cpu = 00:00:00 ; elapsed = 00:00:00 . Memory (MB): peak = 2225.707 ; gain = 0.000 ; free physical = 480 ; free virtual = 3373
INFO: [Project 1-111] Unisim Transformation Summary:
No Unisim elements were transformed.

INFO: [Common 17-83] Releasing license: Synthesis
20 Infos, 0 Warnings, 0 Critical Warnings and 0 Errors encountered.
synth_design completed successfully
synth_design: Time (s): cpu = 00:00:33 ; elapsed = 00:00:45 . Memory (MB): peak = 2225.707 ; gain = 124.844 ; free physical = 620 ; free virtual = 3513
INFO: [Common 17-1381] The checkpoint '/home/giorgi/Desktop/DDS I/vivado_assignment_5/assignment_5/assignment_5.runs/synth_1/mega_adder.dcp' has been generated.
INFO: [runtcl-4] Executing : report_utilization -file mega_adder_utilization_synth.rpt -pb mega_adder_utilization_synth.pb
INFO: [Common 17-206] Exiting Vivado at Fri Sep 23 13:37:19 2022...
