INFO: [VRFC 10-2263] Analyzing Verilog file "/home/giorgi/Desktop/ass3/Vivado_Tutorial/Tutorial_Created_Data/project_bft/project_bft.srcs/sources_1/imports/hdl/FifoBuffer.v" into library xil_defaultlib
INFO: [VRFC 10-311] analyzing module FifoBuffer
INFO: [VRFC 10-2263] Analyzing Verilog file "/home/giorgi/Desktop/ass3/Vivado_Tutorial/Tutorial_Created_Data/project_bft/project_bft.srcs/sources_1/imports/hdl/async_fifo.v" into library xil_defaultlib
INFO: [VRFC 10-311] analyzing module async_fifo
INFO: [VRFC 10-2458] undeclared symbol RDERR, assumed default net type wire [/home/giorgi/Desktop/ass3/Vivado_Tutorial/Tutorial_Created_Data/project_bft/project_bft.srcs/sources_1/imports/hdl/async_fifo.v:211]
INFO: [VRFC 10-2458] undeclared symbol WRER, assumed default net type wire [/home/giorgi/Desktop/ass3/Vivado_Tutorial/Tutorial_Created_Data/project_bft/project_bft.srcs/sources_1/imports/hdl/async_fifo.v:212]
INFO: [VRFC 10-2458] undeclared symbol RDERR, assumed default net type wire [/home/giorgi/Desktop/ass3/Vivado_Tutorial/Tutorial_Created_Data/project_bft/project_bft.srcs/sources_1/imports/hdl/async_fifo.v:218]
INFO: [VRFC 10-2458] undeclared symbol WRER, assumed default net type wire [/home/giorgi/Desktop/ass3/Vivado_Tutorial/Tutorial_Created_Data/project_bft/project_bft.srcs/sources_1/imports/hdl/async_fifo.v:219]
INFO: [VRFC 10-2263] Analyzing Verilog file "/home/giorgi/Desktop/ass3/Vivado_Tutorial/Tutorial_Created_Data/project_bft/project_bft.srcs/sim_1/imports/hdl/bft_tb.v" into library xil_defaultlib
INFO: [VRFC 10-311] analyzing module bft_tb
INFO: [VRFC 10-2263] Analyzing Verilog file "/home/giorgi/Desktop/ass3/Vivado_Tutorial/Tutorial_Created_Data/project_bft/project_bft.sim/sim_1/behav/xsim/glbl.v" into library xil_defaultlib
INFO: [VRFC 10-311] analyzing module glbl
INFO: [VRFC 10-163] Analyzing VHDL file "/home/giorgi/Desktop/ass3/Vivado_Tutorial/Tutorial_Created_Data/project_bft/project_bft.srcs/sources_1/imports/hdl/bftLib/bft_package.vhdl" into library bftlib
INFO: [VRFC 10-163] Analyzing VHDL file "/home/giorgi/Desktop/ass3/Vivado_Tutorial/Tutorial_Created_Data/project_bft/project_bft.srcs/sources_1/imports/hdl/bftLib/core_transform.vhdl" into library bftlib
INFO: [VRFC 10-3107] analyzing entity 'coreTransform'
INFO: [VRFC 10-163] Analyzing VHDL file "/home/giorgi/Desktop/ass3/Vivado_Tutorial/Tutorial_Created_Data/project_bft/project_bft.srcs/sources_1/imports/hdl/bftLib/round_1.vhdl" into library bftlib
INFO: [VRFC 10-3107] analyzing entity 'round_1'
INFO: [VRFC 10-163] Analyzing VHDL file "/home/giorgi/Desktop/ass3/Vivado_Tutorial/Tutorial_Created_Data/project_bft/project_bft.srcs/sources_1/imports/hdl/bftLib/round_2.vhdl" into library bftlib
INFO: [VRFC 10-3107] analyzing entity 'round_2'
INFO: [VRFC 10-163] Analyzing VHDL file "/home/giorgi/Desktop/ass3/Vivado_Tutorial/Tutorial_Created_Data/project_bft/project_bft.srcs/sources_1/imports/hdl/bftLib/round_3.vhdl" into library bftlib
INFO: [VRFC 10-3107] analyzing entity 'round_3'
INFO: [VRFC 10-163] Analyzing VHDL file "/home/giorgi/Desktop/ass3/Vivado_Tutorial/Tutorial_Created_Data/project_bft/project_bft.srcs/sources_1/imports/hdl/bftLib/round_4.vhdl" into library bftlib
INFO: [VRFC 10-3107] analyzing entity 'round_4'
INFO: [VRFC 10-163] Analyzing VHDL file "/home/giorgi/Desktop/ass3/Vivado_Tutorial/Tutorial_Created_Data/project_bft/project_bft.srcs/sources_1/imports/hdl/bft.vhdl" into library xil_defaultlib
INFO: [VRFC 10-3107] analyzing entity 'bft'
